<?xml version="1.0" encoding="UTF-8"?>
<!-- Generated by org.testng.reporters.JUnitReportReporter -->
<testsuite skipped="0" hostname="DESKTOP-2K3TDIE" name="first_test.Session1" tests="1" failures="0" timestamp="17 Jul 2018 07:23:47 GMT" time="20.304" errors="0">
  <testcase name="loginTMA" time="20.304" classname="first_test.Session1"/>
</testsuite> <!-- first_test.Session1 -->
