<?xml version="1.0" encoding="UTF-8"?>
<!-- Generated by org.testng.reporters.JUnitReportReporter -->
<testsuite skipped="0" hostname="tdcuong_1" name="pageObjects.Login_TC_Passed" tests="1" failures="0" timestamp="05 Jul 2018 08:27:25 GMT" time="15.749" errors="0">
  <testcase name="validLogin" time="15.749" classname="pageObjects.Login_TC_Passed"/>
</testsuite> <!-- pageObjects.Login_TC_Passed -->
