<?xml version="1.0" encoding="UTF-8"?>
<!-- Generated by org.testng.reporters.JUnitReportReporter -->
<testsuite skipped="0" hostname="DESKTOP-2K3TDIE" name="session3_ExceptionHandling_Wait_SpecialElement.Alert_Handling_TryCatch" tests="1" failures="0" timestamp="11 Jul 2018 16:25:01 GMT" time="43.579" errors="0">
  <testcase name="alert" time="43.579" classname="session3_ExceptionHandling_Wait_SpecialElement.Alert_Handling_TryCatch"/>
</testsuite> <!-- session3_ExceptionHandling_Wait_SpecialElement.Alert_Handling_TryCatch -->
