<?xml version="1.0" encoding="UTF-8"?>
<!-- Generated by org.testng.reporters.JUnitReportReporter -->
<testsuite skipped="0" hostname="HP" name="first_test.test5" tests="1" failures="0" timestamp="11 Jun 2018 06:46:24 GMT" time="12.276" errors="0">
  <testcase name="test_wait" time="12.276" classname="first_test.test5"/>
</testsuite> <!-- first_test.test5 -->
