<?xml version="1.0" encoding="UTF-8"?>
<!-- Generated by org.testng.reporters.JUnitReportReporter -->
<testsuite skipped="0" hostname="HP" name="first_test.test1" tests="1" failures="0" timestamp="11 Jun 2018 06:46:24 GMT" time="15.939" errors="0">
  <testcase name="test_demo" time="15.939" classname="first_test.test1"/>
</testsuite> <!-- first_test.test1 -->
