<?xml version="1.0" encoding="UTF-8"?>
<!-- Generated by org.testng.reporters.JUnitReportReporter -->
<testsuite skipped="0" hostname="DESKTOP-2K3TDIE" name="pageObjects.LoginWithPageFactory_TC_Review" tests="1" failures="0" timestamp="11 Jul 2018 16:25:01 GMT" time="13.319" errors="0">
  <testcase name="test_Home_Page_Appear_Correct" time="13.319" classname="pageObjects.LoginWithPageFactory_TC_Review"/>
</testsuite> <!-- pageObjects.LoginWithPageFactory_TC_Review -->
