<?xml version="1.0" encoding="UTF-8"?>
<!-- Generated by org.testng.reporters.JUnitReportReporter -->
<testsuite skipped="0" hostname="tdcuong_1" name="pageObjects.Login_TC" tests="1" failures="0" timestamp="22 Jun 2018 08:03:06 GMT" time="10.700" errors="0">
  <testcase name="validLogin" time="10.700" classname="pageObjects.Login_TC"/>
</testsuite> <!-- pageObjects.Login_TC -->
