<?xml version="1.0" encoding="UTF-8"?>
<!-- Generated by org.testng.reporters.JUnitReportReporter -->
<testsuite skipped="0" hostname="HP" name="first_test.test3" tests="1" failures="0" timestamp="11 Jun 2018 06:46:24 GMT" time="15.460" errors="0">
  <testcase name="test_angularJS" time="15.460" classname="first_test.test3"/>
</testsuite> <!-- first_test.test3 -->
