<?xml version="1.0" encoding="UTF-8"?>
<!-- Generated by org.testng.reporters.JUnitReportReporter -->
<testsuite skipped="0" hostname="HP" name="first_test.Shopping" tests="1" failures="0" timestamp="11 Jun 2018 07:44:32 GMT" time="33.652" errors="0">
  <testcase name="test_buy_an_item" time="33.652" classname="first_test.Shopping"/>
</testsuite> <!-- first_test.Shopping -->
