<?xml version="1.0" encoding="UTF-8"?>
<!-- Generated by org.testng.reporters.JUnitReportReporter -->
<testsuite skipped="0" hostname="DESKTOP-2K3TDIE" name="first_test.LogInTMAWebMail" tests="1" failures="0" timestamp="12 Jul 2018 03:23:15 GMT" time="11.962" errors="0">
  <testcase name="test_invalid_login" time="11.962" classname="first_test.LogInTMAWebMail"/>
</testsuite> <!-- first_test.LogInTMAWebMail -->
