<?xml version="1.0" encoding="UTF-8"?>
<!-- Generated by org.testng.reporters.JUnitReportReporter -->
<testsuite skipped="0" hostname="tdcuong_1" name="first_test.Day1" tests="1" failures="0" timestamp="22 Jun 2018 04:15:23 GMT" time="18.340" errors="0">
  <testcase name="test_demo" time="18.340" classname="first_test.Day1"/>
</testsuite> <!-- first_test.Day1 -->
