<?xml version="1.0" encoding="UTF-8"?>
<!-- Generated by org.testng.reporters.JUnitReportReporter -->
<testsuite skipped="0" hostname="DESKTOP-2K3TDIE" name="first_test.Session1Review" tests="1" failures="0" timestamp="11 Jul 2018 16:51:03 GMT" time="17.161" errors="0">
  <testcase name="loginTMA" time="17.161" classname="first_test.Session1Review"/>
</testsuite> <!-- first_test.Session1Review -->
