<?xml version="1.0" encoding="UTF-8"?>
<!-- Generated by org.testng.reporters.JUnitReportReporter -->
<testsuite skipped="0" hostname="HP" name="first_test.SpecialElement" tests="1" failures="0" timestamp="11 Jun 2018 07:44:32 GMT" time="16.834" errors="0">
  <testcase name="test_alert_iframe" time="16.834" classname="first_test.SpecialElement"/>
</testsuite> <!-- first_test.SpecialElement -->
