<?xml version="1.0" encoding="UTF-8"?>
<!-- Generated by org.testng.reporters.JUnitReportReporter -->
<testsuite skipped="0" hostname="HP" name="first_test.AngularJS" tests="1" failures="0" timestamp="11 Jun 2018 07:44:32 GMT" time="20.408" errors="0">
  <testcase name="test_angularJS" time="20.408" classname="first_test.AngularJS"/>
</testsuite> <!-- first_test.AngularJS -->
