<?xml version="1.0" encoding="UTF-8"?>
<!-- Generated by org.testng.reporters.JUnitReportReporter -->
<testsuite skipped="0" hostname="DESKTOP-2K3TDIE" name="pageObjects.Login_TC_Failed" tests="1" failures="0" timestamp="11 Jul 2018 16:25:01 GMT" time="17.112" errors="0">
  <testcase name="invalidLogin" time="17.112" classname="pageObjects.Login_TC_Failed"/>
</testsuite> <!-- pageObjects.Login_TC_Failed -->
